-------------------------------------------------------------------------------
Test set: org.schemaspy.integrationtesting.StackTraceLoggingIT
-------------------------------------------------------------------------------
Tests run: 2, Failures: 0, Errors: 2, Skipped: 0, Time elapsed: 0.503 s <<< FAILURE! - in org.schemaspy.integrationtesting.StackTraceLoggingIT
noStacktraceWhenLoggingIsOf(org.schemaspy.integrationtesting.StackTraceLoggingIT)  Time elapsed: 0.02 s  <<< ERROR!
java.lang.IllegalStateException: Failed to load ApplicationContext
Caused by: org.springframework.beans.factory.UnsatisfiedDependencyException: Error creating bean with name 'main': Unsatisfied dependency expressed through field 'dbFuzzer'; nested exception is org.springframework.beans.factory.NoSuchBeanDefinitionException: No qualifying bean of type 'org.schemaspy.DBFuzzer' available: expected at least 1 bean which qualifies as autowire candidate. Dependency annotations: {@org.springframework.beans.factory.annotation.Autowired(required=true)}
Caused by: org.springframework.beans.factory.NoSuchBeanDefinitionException: No qualifying bean of type 'org.schemaspy.DBFuzzer' available: expected at least 1 bean which qualifies as autowire candidate. Dependency annotations: {@org.springframework.beans.factory.annotation.Autowired(required=true)}

stacktraceWhenLoggingIsOn(org.schemaspy.integrationtesting.StackTraceLoggingIT)  Time elapsed: 0.011 s  <<< ERROR!
java.lang.IllegalStateException: Failed to load ApplicationContext
Caused by: org.springframework.beans.factory.UnsatisfiedDependencyException: Error creating bean with name 'main': Unsatisfied dependency expressed through field 'dbFuzzer'; nested exception is org.springframework.beans.factory.NoSuchBeanDefinitionException: No qualifying bean of type 'org.schemaspy.DBFuzzer' available: expected at least 1 bean which qualifies as autowire candidate. Dependency annotations: {@org.springframework.beans.factory.annotation.Autowired(required=true)}
Caused by: org.springframework.beans.factory.NoSuchBeanDefinitionException: No qualifying bean of type 'org.schemaspy.DBFuzzer' available: expected at least 1 bean which qualifies as autowire candidate. Dependency annotations: {@org.springframework.beans.factory.annotation.Autowired(required=true)}

